第一章 沙漠中的彼岸花
第二章 后文明时代
第三章 青铜昆仑
第四章 奇树与猛兽
第五章 花开
第六章 石盒
第七章 异变
第八章 世界变了
第九章 惊悚
第十章 剧变
第十一章 到家
第十二章 太行神山
第十三章 不属于此界
第一十四章 牛魔王
第十五章 神秘呼吸法
第十六章 要出大事
第十七章 欲哭无泪
第十八章 恐慌未来
第十九章 奇异物质
第二十章 肉身成圣
第二十一章 大力牛魔拳
第二十二章 受人之托
第二十三章 异人
第二十四章 大道至简
第二十五章 空前繁盛
第二十六章 女神范
第二十七章 大波澜
第二十八章 山中磨砺
第二十九章 野性回归
第三十章 牛魔王的宝藏
第三十一章 所向披靡
第三十二章 女人
第三十三章 温柔乡
第三十四章 史诗级大片
第三十五章 火遍全国
第三十六章 我家门前有大坑
第三十七章 寻觅
第三十八章 异树
第三十九章 巨大轰动
第四十章 怒
第四十一章 大开杀戒
第四十二章 无情
第四十三章 恐惧
第四十四章 相见
第四十五章 蛰伏时期
第四十六章 泻立停
第四十七章 大雷音弓
第四十八章 猎龙
第四十九章 绝顶呼吸法
第五十章 天下何人不识君
第五十一章 八方瞩目
第五十二章 银角大王
第五十三章 牛神王
第五十四章 天下异人齐聚
第五十五章 银翅天神
第五十六章 金刚
第五十七章 纵横太行山
第五十八章 小觑
第五十九章 横行无阻
第六十章 弯弓射天神
第六十一章 神箭所向
第六十二章 姜洛神
第六十三章 成精
第六十四章 异兽成海
第六十五章 太行山的王
第六十六章 绝境
第六十七章 不死
第六十八章 释迦门徒
第六十九章 分赃异果
第七十章 期待
第七十一章 林诺依
第七十二章 举世震惊
第七十三章 千万年未有之变局
第七十四章 黄牛哭了
第七十五章 惊怒
第七十六章 追击
第七十七章 人魔
第七十八章 秘种生长
第七十九章 灿烂进化
第八十章 拳印无匹
第八十一章 出山
第八十二章 实力大涨
第八十三章 大林寺震世
第八十四章 顶级名山染血
第八十五章 家
第八十六章 异乱
第八十七章 精神离体
第八十八章 大魔王
第八十九章 父母异变
第九十章 苍狼王
第九十一章 蜀山剑侠
